<?xml version="1.0" encoding="utf-8"?><testsuites name="pytest tests"><testsuite name="pytest" errors="0" failures="0" skipped="0" tests="38" time="102.291" timestamp="2026-06-25T15:34:49.965904+00:00" hostname="agent-env-1151ef8c-95be-4784-b184-e128ae416958"><testcase classname="backend.tests.backend_test.TestAuth" name="test_login_success" time="0.366" /><testcase classname="backend.tests.backend_test.TestAuth" name="test_login_wrong_password" time="0.330" /><testcase classname="backend.tests.backend_test.TestAuth" name="test_login_inactive_user" time="0.353" /><testcase classname="backend.tests.backend_test.TestAuth" name="test_me_with_token" time="0.454" /><testcase classname="backend.tests.backend_test.TestAuth" name="test_me_without_token" time="0.106" /><testcase classname="backend.tests.backend_test.TestAuthRequired" name="test_get_without_auth_returns_401[/licenses-in]" time="0.147" /><testcase classname="backend.tests.backend_test.TestAuthRequired" name="test_get_without_auth_returns_401[/licenses-out]" time="0.119" /><testcase classname="backend.tests.backend_test.TestAuthRequired" name="test_get_without_auth_returns_401[/sony-sony]" time="0.118" /><testcase classname="backend.tests.backend_test.TestAuthRequired" name="test_get_without_auth_returns_401[/rlm-rights]" time="0.131" /><testcase classname="backend.tests.backend_test.TestAuthRequired" name="test_get_without_auth_returns_401[/artists]" time="0.104" /><testcase classname="backend.tests.backend_test.TestAuthRequired" name="test_get_without_auth_returns_401[/labels]" time="0.106" /><testcase classname="backend.tests.backend_test.TestAuthRequired" name="test_get_without_auth_returns_401[/companies]" time="0.102" /><testcase classname="backend.tests.backend_test.TestAuthRequired" name="test_get_without_auth_returns_401[/users]" time="0.119" /><testcase classname="backend.tests.backend_test.TestDashboard" name="test_stats" time="0.114" /><testcase classname="backend.tests.backend_test.TestDashboard" name="test_stats_requires_auth" time="0.132" /><testcase classname="backend.tests.backend_test.TestEntityCrud" name="test_full_crud[licenses-in]" time="0.763" /><testcase classname="backend.tests.backend_test.TestEntityCrud" name="test_full_crud[licenses-out]" time="0.761" /><testcase classname="backend.tests.backend_test.TestEntityCrud" name="test_full_crud[sony-sony]" time="0.882" /><testcase classname="backend.tests.backend_test.TestEntityCrud" name="test_full_crud[rlm-rights]" time="0.854" /><testcase classname="backend.tests.backend_test.TestEntityCrud" name="test_full_crud[artists]" time="23.341" /><testcase classname="backend.tests.backend_test.TestEntityCrud" name="test_full_crud[labels]" time="5.919" /><testcase classname="backend.tests.backend_test.TestEntityCrud" name="test_full_crud[companies]" time="4.912" /><testcase classname="backend.tests.backend_test.TestUsersCrud" name="test_list_users_no_password_hash" time="0.113" /><testcase classname="backend.tests.backend_test.TestUsersCrud" name="test_create_duplicate_email" time="0.104" /><testcase classname="backend.tests.backend_test.TestUsersCrud" name="test_create_update_delete_user" time="1.893" /><testcase classname="backend.tests.backend_test.TestUsersCrud" name="test_cannot_delete_self" time="0.224" /><testcase classname="backend.tests.backend_test.TestNewAdminLogin" name="test_new_admin_login_success" time="0.328" /><testcase classname="backend.tests.backend_test.TestNewAdminLogin" name="test_legacy_admin_still_valid" time="0.388" /><testcase classname="backend.tests.backend_test.TestSeed22Contracts" name="test_seed_count_22[licenses-in]" time="0.111" /><testcase classname="backend.tests.backend_test.TestSeed22Contracts" name="test_seed_count_22[licenses-out]" time="0.117" /><testcase classname="backend.tests.backend_test.TestSeed22Contracts" name="test_seed_count_22[sony-sony]" time="0.144" /><testcase classname="backend.tests.backend_test.TestSeed22Contracts" name="test_seed_dates_jun_jul_2026[licenses-in]" time="0.128" /><testcase classname="backend.tests.backend_test.TestSeed22Contracts" name="test_seed_dates_jun_jul_2026[licenses-out]" time="0.098" /><testcase classname="backend.tests.backend_test.TestSeed22Contracts" name="test_seed_dates_jun_jul_2026[sony-sony]" time="0.103" /><testcase classname="backend.tests.backend_test.TestSeed22Contracts" name="test_seed_endpoints_require_auth[licenses-in]" time="8.298" /><testcase classname="backend.tests.backend_test.TestSeed22Contracts" name="test_seed_endpoints_require_auth[licenses-out]" time="30.181" /><testcase classname="backend.tests.backend_test.TestSeed22Contracts" name="test_seed_endpoints_require_auth[sony-sony]" time="19.616" /><testcase classname="backend.tests.backend_test.TestSeed22Contracts" name="test_seed_spans_both_months" time="0.144" /></testsuite></testsuites>