<?xml version="1.0" encoding="utf-8"?><testsuites name="pytest tests"><testsuite name="pytest" errors="0" failures="0" skipped="0" tests="26" time="11.053" timestamp="2026-06-25T15:12:16.178037+00:00" hostname="agent-env-1151ef8c-95be-4784-b184-e128ae416958"><testcase classname="backend.tests.backend_test.TestAuth" name="test_login_success" time="0.463" /><testcase classname="backend.tests.backend_test.TestAuth" name="test_login_wrong_password" time="0.345" /><testcase classname="backend.tests.backend_test.TestAuth" name="test_login_inactive_user" time="0.371" /><testcase classname="backend.tests.backend_test.TestAuth" name="test_me_with_token" time="0.476" /><testcase classname="backend.tests.backend_test.TestAuth" name="test_me_without_token" time="0.150" /><testcase classname="backend.tests.backend_test.TestAuthRequired" name="test_get_without_auth_returns_401[/licenses-in]" time="0.149" /><testcase classname="backend.tests.backend_test.TestAuthRequired" name="test_get_without_auth_returns_401[/licenses-out]" time="0.112" /><testcase classname="backend.tests.backend_test.TestAuthRequired" name="test_get_without_auth_returns_401[/sony-sony]" time="0.184" /><testcase classname="backend.tests.backend_test.TestAuthRequired" name="test_get_without_auth_returns_401[/rlm-rights]" time="0.114" /><testcase classname="backend.tests.backend_test.TestAuthRequired" name="test_get_without_auth_returns_401[/artists]" time="0.142" /><testcase classname="backend.tests.backend_test.TestAuthRequired" name="test_get_without_auth_returns_401[/labels]" time="0.102" /><testcase classname="backend.tests.backend_test.TestAuthRequired" name="test_get_without_auth_returns_401[/companies]" time="0.102" /><testcase classname="backend.tests.backend_test.TestAuthRequired" name="test_get_without_auth_returns_401[/users]" time="0.103" /><testcase classname="backend.tests.backend_test.TestDashboard" name="test_stats" time="0.148" /><testcase classname="backend.tests.backend_test.TestDashboard" name="test_stats_requires_auth" time="0.103" /><testcase classname="backend.tests.backend_test.TestEntityCrud" name="test_full_crud[licenses-in]" time="0.801" /><testcase classname="backend.tests.backend_test.TestEntityCrud" name="test_full_crud[licenses-out]" time="0.748" /><testcase classname="backend.tests.backend_test.TestEntityCrud" name="test_full_crud[sony-sony]" time="0.797" /><testcase classname="backend.tests.backend_test.TestEntityCrud" name="test_full_crud[rlm-rights]" time="0.791" /><testcase classname="backend.tests.backend_test.TestEntityCrud" name="test_full_crud[artists]" time="0.771" /><testcase classname="backend.tests.backend_test.TestEntityCrud" name="test_full_crud[labels]" time="0.793" /><testcase classname="backend.tests.backend_test.TestEntityCrud" name="test_full_crud[companies]" time="0.792" /><testcase classname="backend.tests.backend_test.TestUsersCrud" name="test_list_users_no_password_hash" time="0.112" /><testcase classname="backend.tests.backend_test.TestUsersCrud" name="test_create_duplicate_email" time="0.106" /><testcase classname="backend.tests.backend_test.TestUsersCrud" name="test_create_update_delete_user" time="1.924" /><testcase classname="backend.tests.backend_test.TestUsersCrud" name="test_cannot_delete_self" time="0.222" /></testsuite></testsuites>